Arguments: 
  /Users/nikokin/.nvm/versions/node/v12.18.3/bin/node /usr/local/Cellar/yarn/1.22.4/libexec/bin/yarn.js build

PATH: 
  /var/folders/zq/5t7y730111vcdcl1rwz57gzw0000gn/T/yarn--1606667269349-0.9892844980135018:/Users/nikokin/dev/matrix-colyseus-widget/node_modules/.bin:/Users/nikokin/.config/yarn/link/node_modules/.bin:/Users/nikokin/dev/matrix-colyseus-widget/node_modules/.bin:/Users/nikokin/.nvm/versions/node/v12.18.3/libexec/lib/node_modules/npm/bin/node-gyp-bin:/Users/nikokin/.nvm/versions/node/v12.18.3/lib/node_modules/npm/bin/node-gyp-bin:/Users/nikokin/.nvm/versions/node/v12.18.3/bin/node_modules/npm/bin/node-gyp-bin:/Users/nikokin/.nvm/versions/node/v12.18.3/bin:/usr/local/bin:/usr/bin:/bin:/usr/sbin:/sbin:/Applications/Visual Studio Code.app/Contents/Resources/app/bin

Yarn version: 
  1.22.4

Node version: 
  12.18.3

Platform: 
  darwin x64

Trace: 
  SyntaxError: /Users/nikokin/dev/matrix-colyseus-widget/packages/utils/package.json: Unexpected token } in JSON at position 500
      at JSON.parse (<anonymous>)
      at /usr/local/Cellar/yarn/1.22.4/libexec/lib/cli.js:1625:59
      at Generator.next (<anonymous>)
      at step (/usr/local/Cellar/yarn/1.22.4/libexec/lib/cli.js:310:30)
      at /usr/local/Cellar/yarn/1.22.4/libexec/lib/cli.js:321:13

npm manifest: 
  {
    "name": "utils",
    "version": "0.0.0",
    "private": true,
    "main": "build/bundle.js",
    "types": "build/index.d.ts",
    "scripts": {
      "build": "rollup -c",
      "test": "echo \"Error: no test specified\" && exit 1"
    },
    "author": "Nikokin",
    "license": "UNLICENSED",
    "devDependencies": {
      "lodash": "^4.17.15",
      "rollup": "^2.16.1",
      "rollup-plugin-typescript2": "^0.27.1",
      "typescript": "^3.4.5"
    },
    "dependencies": {},
    "peerDependencies": {
      "lodash": "^4.17.15",
    }
  }

yarn manifest: 
  No manifest

Lockfile: 
  No lockfile
